2026-07-05 15:59:50,723 | INFO | Application Started
2026-07-05 15:59:50,784 | INFO | [31m[1mWARNING: This is a development server. Do not use it in a production deployment. Use a production WSGI server instead.[0m
 * Running on http://127.0.0.1:5000
2026-07-05 15:59:50,784 | INFO | [33mPress CTRL+C to quit[0m
2026-07-05 15:59:50,786 | INFO |  * Restarting with stat
2026-07-05 15:59:51,975 | INFO | Application Started
2026-07-05 15:59:52,016 | WARNING |  * Debugger is active!
2026-07-05 15:59:52,025 | INFO |  * Debugger PIN: 114-638-066
2026-07-05 16:04:48,537 | INFO | Application Started
2026-07-05 16:04:48,559 | INFO | [31m[1mWARNING: This is a development server. Do not use it in a production deployment. Use a production WSGI server instead.[0m
 * Running on http://127.0.0.1:5000
2026-07-05 16:04:48,559 | INFO | [33mPress CTRL+C to quit[0m
2026-07-05 16:04:48,561 | INFO |  * Restarting with stat
2026-07-05 16:04:49,163 | INFO | Application Started
2026-07-05 16:04:49,175 | WARNING |  * Debugger is active!
2026-07-05 16:04:49,177 | INFO |  * Debugger PIN: 114-638-066
2026-07-05 16:12:45,702 | INFO | Application Started
2026-07-05 16:12:45,728 | INFO | [31m[1mWARNING: This is a development server. Do not use it in a production deployment. Use a production WSGI server instead.[0m
 * Running on http://127.0.0.1:5000
2026-07-05 16:12:45,728 | INFO | [33mPress CTRL+C to quit[0m
2026-07-05 16:12:45,730 | INFO |  * Restarting with stat
2026-07-05 16:12:46,504 | INFO | Application Started
2026-07-05 16:12:46,521 | WARNING |  * Debugger is active!
2026-07-05 16:12:46,523 | INFO |  * Debugger PIN: 114-638-066
2026-07-05 16:16:03,008 | INFO | Application Started
2026-07-05 16:16:03,030 | INFO | [31m[1mWARNING: This is a development server. Do not use it in a production deployment. Use a production WSGI server instead.[0m
 * Running on http://127.0.0.1:5000
2026-07-05 16:16:03,031 | INFO | [33mPress CTRL+C to quit[0m
2026-07-05 16:22:28,559 | INFO | Application Started
2026-07-05 16:22:28,580 | INFO | [31m[1mWARNING: This is a development server. Do not use it in a production deployment. Use a production WSGI server instead.[0m
 * Running on http://127.0.0.1:5000
2026-07-05 16:22:28,580 | INFO | [33mPress CTRL+C to quit[0m
2026-07-05 16:23:46,517 | INFO | Application Started
2026-07-05 16:23:46,538 | INFO | [31m[1mWARNING: This is a development server. Do not use it in a production deployment. Use a production WSGI server instead.[0m
 * Running on http://127.0.0.1:5000
2026-07-05 16:23:46,538 | INFO | [33mPress CTRL+C to quit[0m
2026-07-05 16:30:48,079 | INFO | Application Started
2026-07-05 16:30:48,100 | INFO | [31m[1mWARNING: This is a development server. Do not use it in a production deployment. Use a production WSGI server instead.[0m
 * Running on http://127.0.0.1:5000
2026-07-05 16:30:48,100 | INFO | [33mPress CTRL+C to quit[0m
2026-07-05 17:40:07,692 | INFO | Application Started
2026-07-05 17:40:07,767 | INFO | [31m[1mWARNING: This is a development server. Do not use it in a production deployment. Use a production WSGI server instead.[0m
 * Running on http://127.0.0.1:5000
2026-07-05 17:40:07,767 | INFO | [33mPress CTRL+C to quit[0m
